<?xml version="1.0" encoding="UTF-8"?>
<testng-results ignored="0" total="1" passed="0" failed="1" skipped="0">
  <reporter-output>
  </reporter-output>
  <suite started-at="2021-03-12T13:41:47 IST" name="Default suite" finished-at="2021-03-12T13:42:19 IST" duration-ms="31283">
    <groups>
      <group name="Smoke">
        <method signature="NavigateToLeadPage.navigateToLeadPageTest()[pri:0, instance:com.crm.techsan.lead.NavigateToLeadPage@1f97cf0d]" name="navigateToLeadPageTest" class="com.crm.techsan.lead.NavigateToLeadPage"/>
      </group> <!-- Smoke -->
    </groups>
    <test started-at="2021-03-12T13:41:47 IST" name="Default test" finished-at="2021-03-12T13:42:19 IST" duration-ms="31283">
      <class name="com.crm.techsan.lead.NavigateToLeadPage">
        <test-method is-config="true" signature="configBeforeSuite()[pri:0, instance:com.crm.techsan.lead.NavigateToLeadPage@1f97cf0d]" started-at="2021-03-12T13:41:46 IST" name="configBeforeSuite" finished-at="2021-03-12T13:41:47 IST" duration-ms="881" status="PASS">
          <reporter-output>
          </reporter-output>
        </test-method> <!-- configBeforeSuite -->
        <test-method is-config="true" signature="configBeforeClass()[pri:0, instance:com.crm.techsan.lead.NavigateToLeadPage@1f97cf0d]" started-at="2021-03-12T13:41:48 IST" name="configBeforeClass" finished-at="2021-03-12T13:41:54 IST" duration-ms="5979" status="PASS">
          <reporter-output>
          </reporter-output>
        </test-method> <!-- configBeforeClass -->
        <test-method is-config="true" signature="configBeforeMtd()[pri:0, instance:com.crm.techsan.lead.NavigateToLeadPage@1f97cf0d]" started-at="2021-03-12T13:41:54 IST" name="configBeforeMtd" finished-at="2021-03-12T13:41:58 IST" duration-ms="3698" status="PASS">
          <reporter-output>
          </reporter-output>
        </test-method> <!-- configBeforeMtd -->
        <test-method signature="navigateToLeadPageTest()[pri:0, instance:com.crm.techsan.lead.NavigateToLeadPage@1f97cf0d]" started-at="2021-03-12T13:41:58 IST" name="navigateToLeadPageTest" finished-at="2021-03-12T13:42:15 IST" duration-ms="17664" status="FAIL">
          <exception class="java.lang.AssertionError">
            <message>
              <![CDATA[null]]>
            </message>
            <full-stacktrace>
              <![CDATA[java.lang.AssertionError: null
at org.testng.Assert.fail(Assert.java:99)
at org.testng.Assert.fail(Assert.java:106)
at com.crm.techsan.lead.NavigateToLeadPage.navigateToLeadPageTest(NavigateToLeadPage.java:42)
at java.base/jdk.internal.reflect.NativeMethodAccessorImpl.invoke0(Native Method)
at java.base/jdk.internal.reflect.NativeMethodAccessorImpl.invoke(NativeMethodAccessorImpl.java:64)
at java.base/jdk.internal.reflect.DelegatingMethodAccessorImpl.invoke(DelegatingMethodAccessorImpl.java:43)
at java.base/java.lang.reflect.Method.invoke(Method.java:564)
at org.testng.internal.MethodInvocationHelper.invokeMethod(MethodInvocationHelper.java:132)
at org.testng.internal.TestInvoker.invokeMethod(TestInvoker.java:599)
at org.testng.internal.TestInvoker.invokeTestMethod(TestInvoker.java:174)
at org.testng.internal.MethodRunner.runInSequence(MethodRunner.java:46)
at org.testng.internal.TestInvoker$MethodInvocationAgent.invoke(TestInvoker.java:822)
at org.testng.internal.TestInvoker.invokeTestMethods(TestInvoker.java:147)
at org.testng.internal.TestMethodWorker.invokeTestMethods(TestMethodWorker.java:146)
at org.testng.internal.TestMethodWorker.run(TestMethodWorker.java:128)
at java.base/java.util.ArrayList.forEach(ArrayList.java:1511)
at org.testng.TestRunner.privateRun(TestRunner.java:764)
at org.testng.TestRunner.run(TestRunner.java:585)
at org.testng.SuiteRunner.runTest(SuiteRunner.java:384)
at org.testng.SuiteRunner.runSequentially(SuiteRunner.java:378)
at org.testng.SuiteRunner.privateRun(SuiteRunner.java:337)
at org.testng.SuiteRunner.run(SuiteRunner.java:286)
at org.testng.SuiteRunnerWorker.runSuite(SuiteRunnerWorker.java:53)
at org.testng.SuiteRunnerWorker.run(SuiteRunnerWorker.java:96)
at org.testng.TestNG.runSuitesSequentially(TestNG.java:1218)
at org.testng.TestNG.runSuitesLocally(TestNG.java:1140)
at org.testng.TestNG.runSuites(TestNG.java:1069)
at org.testng.TestNG.run(TestNG.java:1037)
at org.testng.remote.AbstractRemoteTestNG.run(AbstractRemoteTestNG.java:115)
at org.testng.remote.RemoteTestNG.initAndRun(RemoteTestNG.java:251)
at org.testng.remote.RemoteTestNG.main(RemoteTestNG.java:77)
]]>
            </full-stacktrace>
          </exception> <!-- java.lang.AssertionError -->
          <reporter-output>
          </reporter-output>
        </test-method> <!-- navigateToLeadPageTest -->
        <test-method is-config="true" signature="configAfterMethod()[pri:0, instance:com.crm.techsan.lead.NavigateToLeadPage@1f97cf0d]" started-at="2021-03-12T13:42:16 IST" name="configAfterMethod" finished-at="2021-03-12T13:42:18 IST" duration-ms="2789" status="PASS">
          <reporter-output>
          </reporter-output>
        </test-method> <!-- configAfterMethod -->
        <test-method is-config="true" signature="configAfterClass()[pri:0, instance:com.crm.techsan.lead.NavigateToLeadPage@1f97cf0d]" started-at="2021-03-12T13:42:18 IST" name="configAfterClass" finished-at="2021-03-12T13:42:19 IST" duration-ms="207" status="PASS">
          <reporter-output>
          </reporter-output>
        </test-method> <!-- configAfterClass -->
        <test-method is-config="true" signature="configAfterSuite()[pri:0, instance:com.crm.techsan.lead.NavigateToLeadPage@1f97cf0d]" started-at="2021-03-12T13:42:20 IST" name="configAfterSuite" finished-at="2021-03-12T13:42:20 IST" duration-ms="6" status="PASS">
          <reporter-output>
          </reporter-output>
        </test-method> <!-- configAfterSuite -->
      </class> <!-- com.crm.techsan.lead.NavigateToLeadPage -->
    </test> <!-- Default test -->
  </suite> <!-- Default suite -->
</testng-results>
